<?xml version="1.0" encoding="UTF-8"?>
<testng-results skipped="0" failed="0" total="1" passed="1">
  <reporter-output>
  </reporter-output>
  <suite name="Default suite" duration-ms="6469" started-at="2014-08-20T09:59:10Z" finished-at="2014-08-20T09:59:16Z">
    <groups>
    </groups>
    <test name="Default test" duration-ms="6469" started-at="2014-08-20T09:59:10Z" finished-at="2014-08-20T09:59:16Z">
      <class name="webdriver.java.tests.MySecondTest">
        <test-method status="PASS" signature="setup()[pri:0, instance:webdriver.java.tests.MySecondTest@35bbe5e8]" name="setup" is-config="true" duration-ms="3229" started-at="2014-08-20T11:59:10Z" finished-at="2014-08-20T11:59:13Z">
          <reporter-output>
          </reporter-output>
        </test-method> <!-- setup -->
        <test-method status="PASS" signature="checkCreateAccount()[pri:0, instance:webdriver.java.tests.MySecondTest@35bbe5e8]" name="checkCreateAccount" duration-ms="3111" started-at="2014-08-20T11:59:13Z" finished-at="2014-08-20T11:59:16Z">
          <reporter-output>
          </reporter-output>
        </test-method> <!-- checkCreateAccount -->
        <test-method status="PASS" signature="tearDown()[pri:0, instance:webdriver.java.tests.MySecondTest@35bbe5e8]" name="tearDown" is-config="true" duration-ms="117" started-at="2014-08-20T11:59:16Z" finished-at="2014-08-20T11:59:16Z">
          <reporter-output>
          </reporter-output>
        </test-method> <!-- tearDown -->
      </class> <!-- webdriver.java.tests.MySecondTest -->
    </test> <!-- Default test -->
  </suite> <!-- Default suite -->
</testng-results>
